{
  "RSpec": {
    "coverage": {
      "/Users/jayway/makers/projects/week-4/messageapp/spec/features/edit_message_spec.rb": [

      ],
      "/Users/jayway/makers/projects/week-4/messageapp/spec/features/homepage_spec.rb": [
        1,
        1,
        1,
        1,
        1,
        null,
        null
      ],
      "/Users/jayway/makers/projects/week-4/messageapp/spec/features/message_history_and_time_in_reverse_spec.rb": [
        1,
        2,
        null,
        2,
        null,
        null,
        null,
        null,
        1,
        1,
        1,
        1,
        1,
        1,
        1,
        1,
        null,
        null
      ],
      "/Users/jayway/makers/projects/week-4/messageapp/spec/features/message_history_spec.rb": [
        1,
        1,
        1,
        1,
        1,
        null,
        null
      ],
      "/Users/jayway/makers/projects/week-4/messageapp/spec/features/new_message_spec.rb": [
        1,
        1,
        1,
        1,
        1,
        1,
        null,
        null
      ],
      "/Users/jayway/makers/projects/week-4/messageapp/spec/features/specific_message_spec.rb": [
        1,
        1,
        1,
        1,
        1,
        1,
        1,
        null,
        null,
        null,
        1,
        1,
        1,
        1,
        null,
        1,
        1,
        1,
        1,
        null,
        null,
        null
      ],
      "/Users/jayway/makers/projects/week-4/messageapp/spec/features/time_and_history_spec.rb": [
        1,
        1,
        1,
        1,
        1,
        1,
        1,
        null,
        null
      ],
      "/Users/jayway/makers/projects/week-4/messageapp/spec/message_db_spec.rb": [
        1,
        null,
        1,
        1,
        3,
        null,
        null,
        1,
        3,
        null,
        null,
        4,
        null,
        1,
        1,
        1,
        null,
        null,
        null,
        1,
        1,
        1,
        null,
        null,
        null,
        1,
        1,
        1,
        1,
        null,
        null,
        null
      ]
    },
    "timestamp": 1545393799
  }
}
